Determining if the pthread_create exist failed with the following output:
Change Dir: /home/agucaverzasi/groovy_workspace/sandbox/robot/build/CMakeFiles/CMakeTmp

Run Build Command:/usr/bin/make "cmTryCompileExec2360658764/fast"
make[1]: Entering directory `/home/agucaverzasi/groovy_workspace/sandbox/robot/build/CMakeFiles/CMakeTmp'
/usr/bin/make -f CMakeFiles/cmTryCompileExec2360658764.dir/build.make CMakeFiles/cmTryCompileExec2360658764.dir/build
make[2]: Entering directory `/home/agucaverzasi/groovy_workspace/sandbox/robot/build/CMakeFiles/CMakeTmp'
/usr/bin/cmake -E cmake_progress_report /home/agucaverzasi/groovy_workspace/sandbox/robot/build/CMakeFiles/CMakeTmp/CMakeFiles 1
Building C object CMakeFiles/cmTryCompileExec2360658764.dir/CheckSymbolExists.c.o
/usr/bin/gcc    -o CMakeFiles/cmTryCompileExec2360658764.dir/CheckSymbolExists.c.o   -c /home/agucaverzasi/groovy_workspace/sandbox/robot/build/CMakeFiles/CMakeTmp/CheckSymbolExists.c
Linking C executable cmTryCompileExec2360658764
/usr/bin/cmake -E cmake_link_script CMakeFiles/cmTryCompileExec2360658764.dir/link.txt --verbose=1
/usr/bin/gcc         CMakeFiles/cmTryCompileExec2360658764.dir/CheckSymbolExists.c.o  -o cmTryCompileExec2360658764 -rdynamic 
CMakeFiles/cmTryCompileExec2360658764.dir/CheckSymbolExists.c.o: In function `main':
CheckSymbolExists.c:(.text+0xa): undefined reference to `pthread_create'
collect2: error: ld returned 1 exit status
make[2]: *** [cmTryCompileExec2360658764] Error 1
make[2]: Leaving directory `/home/agucaverzasi/groovy_workspace/sandbox/robot/build/CMakeFiles/CMakeTmp'
make[1]: Leaving directory `/home/agucaverzasi/groovy_workspace/sandbox/robot/build/CMakeFiles/CMakeTmp'
make[1]: *** [cmTryCompileExec2360658764/fast] Error 2

File /home/agucaverzasi/groovy_workspace/sandbox/robot/build/CMakeFiles/CMakeTmp/CheckSymbolExists.c:
/* */
#include <pthread.h>

int main(int argc, char** argv)
{
  (void)argv;
#ifndef pthread_create
  return ((int*)(&pthread_create))[argc];
#else
  (void)argc;
  return 0;
#endif
}

Determining if the function pthread_create exists in the pthreads failed with the following output:
Change Dir: /home/agucaverzasi/groovy_workspace/sandbox/robot/build/CMakeFiles/CMakeTmp

Run Build Command:/usr/bin/make "cmTryCompileExec1563423032/fast"
make[1]: Entering directory `/home/agucaverzasi/groovy_workspace/sandbox/robot/build/CMakeFiles/CMakeTmp'
/usr/bin/make -f CMakeFiles/cmTryCompileExec1563423032.dir/build.make CMakeFiles/cmTryCompileExec1563423032.dir/build
make[2]: Entering directory `/home/agucaverzasi/groovy_workspace/sandbox/robot/build/CMakeFiles/CMakeTmp'
/usr/bin/cmake -E cmake_progress_report /home/agucaverzasi/groovy_workspace/sandbox/robot/build/CMakeFiles/CMakeTmp/CMakeFiles 1
Building C object CMakeFiles/cmTryCompileExec1563423032.dir/CheckFunctionExists.c.o
/usr/bin/gcc   -DCHECK_FUNCTION_EXISTS=pthread_create   -o CMakeFiles/cmTryCompileExec1563423032.dir/CheckFunctionExists.c.o   -c /usr/share/cmake-2.8/Modules/CheckFunctionExists.c
Linking C executable cmTryCompileExec1563423032
/usr/bin/cmake -E cmake_link_script CMakeFiles/cmTryCompileExec1563423032.dir/link.txt --verbose=1
/usr/bin/gcc     -DCHECK_FUNCTION_EXISTS=pthread_create    CMakeFiles/cmTryCompileExec1563423032.dir/CheckFunctionExists.c.o  -o cmTryCompileExec1563423032 -rdynamic -lpthreads 
/usr/bin/ld: cannot find -lpthreads
collect2: error: ld returned 1 exit status
make[2]: Leaving directory `/home/agucaverzasi/groovy_workspace/sandbox/robot/build/CMakeFiles/CMakeTmp'
make[2]: *** [cmTryCompileExec1563423032] Error 1
make[1]: Leaving directory `/home/agucaverzasi/groovy_workspace/sandbox/robot/build/CMakeFiles/CMakeTmp'
make[1]: *** [cmTryCompileExec1563423032/fast] Error 2


